Determining if the pthread_create exist failed with the following output:
Change Dir: /home/csmajs/achad006/lab-02-unit-integration-testing-ashnachadha/CMakeFiles/CMakeTmp

Run Build Command(s):/opt/rh/devtoolset-6/root/usr/bin/gmake cmTC_8a883/fast 
/opt/rh/devtoolset-6/root/usr/bin/gmake -f CMakeFiles/cmTC_8a883.dir/build.make CMakeFiles/cmTC_8a883.dir/build
gmake[1]: Entering directory '/home/csmajs/achad006/lab-02-unit-integration-testing-ashnachadha/CMakeFiles/CMakeTmp'
Building C object CMakeFiles/cmTC_8a883.dir/CheckSymbolExists.c.o
/opt/rh/devtoolset-6/root/usr/bin/cc    -o CMakeFiles/cmTC_8a883.dir/CheckSymbolExists.c.o   -c /home/csmajs/achad006/lab-02-unit-integration-testing-ashnachadha/CMakeFiles/CMakeTmp/CheckSymbolExists.c
Linking C executable cmTC_8a883
/usr/bin/cmake3 -E cmake_link_script CMakeFiles/cmTC_8a883.dir/link.txt --verbose=1
/opt/rh/devtoolset-6/root/usr/bin/cc      -rdynamic CMakeFiles/cmTC_8a883.dir/CheckSymbolExists.c.o  -o cmTC_8a883 
CMakeFiles/cmTC_8a883.dir/CheckSymbolExists.c.o: In function `main':
CheckSymbolExists.c:(.text+0x16): undefined reference to `pthread_create'
collect2: error: ld returned 1 exit status
CMakeFiles/cmTC_8a883.dir/build.make:86: recipe for target 'cmTC_8a883' failed
gmake[1]: *** [cmTC_8a883] Error 1
gmake[1]: Leaving directory '/home/csmajs/achad006/lab-02-unit-integration-testing-ashnachadha/CMakeFiles/CMakeTmp'
Makefile:121: recipe for target 'cmTC_8a883/fast' failed
gmake: *** [cmTC_8a883/fast] Error 2

File /home/csmajs/achad006/lab-02-unit-integration-testing-ashnachadha/CMakeFiles/CMakeTmp/CheckSymbolExists.c:
/* */
#include <pthread.h>

int main(int argc, char** argv)
{
  (void)argv;
#ifndef pthread_create
  return ((int*)(&pthread_create))[argc];
#else
  (void)argc;
  return 0;
#endif
}

Determining if the function pthread_create exists in the pthreads failed with the following output:
Change Dir: /home/csmajs/achad006/lab-02-unit-integration-testing-ashnachadha/CMakeFiles/CMakeTmp

Run Build Command(s):/opt/rh/devtoolset-6/root/usr/bin/gmake cmTC_bde48/fast 
/opt/rh/devtoolset-6/root/usr/bin/gmake -f CMakeFiles/cmTC_bde48.dir/build.make CMakeFiles/cmTC_bde48.dir/build
gmake[1]: Entering directory '/home/csmajs/achad006/lab-02-unit-integration-testing-ashnachadha/CMakeFiles/CMakeTmp'
Building C object CMakeFiles/cmTC_bde48.dir/CheckFunctionExists.c.o
/opt/rh/devtoolset-6/root/usr/bin/cc   -DCHECK_FUNCTION_EXISTS=pthread_create   -o CMakeFiles/cmTC_bde48.dir/CheckFunctionExists.c.o   -c /usr/share/cmake3/Modules/CheckFunctionExists.c
Linking C executable cmTC_bde48
/usr/bin/cmake3 -E cmake_link_script CMakeFiles/cmTC_bde48.dir/link.txt --verbose=1
/opt/rh/devtoolset-6/root/usr/bin/cc  -DCHECK_FUNCTION_EXISTS=pthread_create    -rdynamic CMakeFiles/cmTC_bde48.dir/CheckFunctionExists.c.o  -o cmTC_bde48 -lpthreads 
/opt/rh/devtoolset-6/root/usr/libexec/gcc/x86_64-redhat-linux/6.3.1/ld: cannot find -lpthreads
collect2: error: ld returned 1 exit status
CMakeFiles/cmTC_bde48.dir/build.make:86: recipe for target 'cmTC_bde48' failed
gmake[1]: *** [cmTC_bde48] Error 1
gmake[1]: Leaving directory '/home/csmajs/achad006/lab-02-unit-integration-testing-ashnachadha/CMakeFiles/CMakeTmp'
Makefile:121: recipe for target 'cmTC_bde48/fast' failed
gmake: *** [cmTC_bde48/fast] Error 2


